<?xml version="1.0" encoding="UTF-8"?>
<!-- Generated by org.testng.reporters.JUnitReportReporter -->
<testsuite hostname="Mansipc" failures="0" tests="1" name="com.tests.RegistrationAutomationTest" time="8.645" errors="0" timestamp="2022-10-09T16:09:57 IST" skipped="0">
  <testcase classname="com.tests.RegistrationAutomationTest" name="f" time="8.645"/>
</testsuite> <!-- com.tests.RegistrationAutomationTest -->
