<?xml version="1.0" encoding="UTF-8"?>
<!-- Generated by org.testng.reporters.JUnitReportReporter -->
<testsuite hostname="Mansipc" failures="0" tests="1" name="com.tests.LoginAutomationTest" time="6.538" errors="0" timestamp="2022-10-09T16:30:04 IST" skipped="0">
  <testcase classname="com.tests.LoginAutomationTest" name="f" time="6.538"/>
</testsuite> <!-- com.tests.LoginAutomationTest -->
